$ yarn eslint
$ eslint --max-warnings=0 '**/*.{ts,json}' --ignore-path .gitignore
$ tsc converter.ts -outdir tmp
WARNING minimum FIELD NOT supported outside DIRECT exports by convert.ts
  in /Users/twruottu/src/maas-schemas/schemas/maas-backend/stations/stations-list/request.json
WARNING minLength FIELD NOT supported outside DIRECT exports by convert.ts
  in /Users/twruottu/src/maas-schemas/schemas/maas-backend/stations/stations-list/request.json
WARNING minimum FIELD NOT supported outside DIRECT exports by convert.ts
  in /Users/twruottu/src/maas-schemas/schemas/maas-backend/stations/stations-list/request.json
DONE
DONE
DONE
DONE
WARNING minItems FIELD NOT supported outside DIRECT exports by convert.ts
  in /Users/twruottu/src/maas-schemas/schemas/maas-backend/webhooks/zendesk-push-notification/request.json
WARNING maxItems FIELD NOT supported outside DIRECT exports by convert.ts
  in /Users/twruottu/src/maas-schemas/schemas/maas-backend/webhooks/zendesk-push-notification/request.json
WARNING minLength FIELD NOT supported outside DIRECT exports by convert.ts
  in /Users/twruottu/src/maas-schemas/schemas/maas-backend/webhooks/zendesk-push-notification/request.json
WARNING maxLength FIELD NOT supported outside DIRECT exports by convert.ts
  in /Users/twruottu/src/maas-schemas/schemas/maas-backend/webhooks/zendesk-push-notification/request.json
WARNING minLength FIELD NOT supported outside DIRECT exports by convert.ts
  in /Users/twruottu/src/maas-schemas/schemas/maas-backend/webhooks/zendesk-push-notification/request.json
WARNING maxLength FIELD NOT supported outside DIRECT exports by convert.ts
  in /Users/twruottu/src/maas-schemas/schemas/maas-backend/webhooks/zendesk-push-notification/request.json
WARNING minLength FIELD NOT supported outside DIRECT exports by convert.ts
  in /Users/twruottu/src/maas-schemas/schemas/maas-backend/webhooks/zendesk-push-notification/request.json
WARNING maxLength FIELD NOT supported outside DIRECT exports by convert.ts
  in /Users/twruottu/src/maas-schemas/schemas/maas-backend/webhooks/zendesk-push-notification/request.json
DONE
WARNING minLength FIELD NOT supported outside DIRECT exports by convert.ts
  in /Users/twruottu/src/maas-schemas/schemas/maas-backend/products/provider.json
WARNING maxLength FIELD NOT supported outside DIRECT exports by convert.ts
  in /Users/twruottu/src/maas-schemas/schemas/maas-backend/products/provider.json
WARNING minLength FIELD NOT supported outside DIRECT exports by convert.ts
  in /Users/twruottu/src/maas-schemas/schemas/maas-backend/products/provider.json
WARNING maxLength FIELD NOT supported outside DIRECT exports by convert.ts
  in /Users/twruottu/src/maas-schemas/schemas/maas-backend/products/provider.json
WARNING pattern FIELD NOT supported outside DIRECT exports by convert.ts
  in /Users/twruottu/src/maas-schemas/schemas/maas-backend/products/provider.json
WARNING pattern FIELD NOT supported outside DIRECT exports by convert.ts
  in /Users/twruottu/src/maas-schemas/schemas/maas-backend/products/provider.json
WARNING minimum FIELD NOT supported outside DIRECT exports by convert.ts
  in /Users/twruottu/src/maas-schemas/schemas/maas-backend/products/provider.json
WARNING multipleOf FIELD NOT supported outside DIRECT exports by convert.ts
  in /Users/twruottu/src/maas-schemas/schemas/maas-backend/products/provider.json
WARNING minimum FIELD NOT supported outside DIRECT exports by convert.ts
  in /Users/twruottu/src/maas-schemas/schemas/maas-backend/products/provider.json
WARNING minItems FIELD NOT supported outside DIRECT exports by convert.ts
  in /Users/twruottu/src/maas-schemas/schemas/maas-backend/products/provider.json
DONE
DONE
DONE
DONE
DONE
WARNING minLength FIELD NOT supported outside DIRECT exports by convert.ts
  in /Users/twruottu/src/maas-schemas/schemas/maas-backend/subscriptions/contact.json
WARNING maxLength FIELD NOT supported outside DIRECT exports by convert.ts
  in /Users/twruottu/src/maas-schemas/schemas/maas-backend/subscriptions/contact.json
WARNING pattern FIELD NOT supported outside DIRECT exports by convert.ts
  in /Users/twruottu/src/maas-schemas/schemas/maas-backend/subscriptions/contact.json
WARNING minimum FIELD NOT supported outside DIRECT exports by convert.ts
  in /Users/twruottu/src/maas-schemas/schemas/maas-backend/subscriptions/contact.json
WARNING maximum FIELD NOT supported outside DIRECT exports by convert.ts
  in /Users/twruottu/src/maas-schemas/schemas/maas-backend/subscriptions/contact.json
WARNING minimum FIELD NOT supported outside DIRECT exports by convert.ts
  in /Users/twruottu/src/maas-schemas/schemas/maas-backend/subscriptions/contact.json
WARNING maximum FIELD NOT supported outside DIRECT exports by convert.ts
  in /Users/twruottu/src/maas-schemas/schemas/maas-backend/subscriptions/contact.json
WARNING pattern FIELD NOT supported outside DIRECT exports by convert.ts
  in /Users/twruottu/src/maas-schemas/schemas/maas-backend/subscriptions/contact.json
DONE
DONE
DONE
DONE
WARNING minLength FIELD NOT supported outside DIRECT exports by convert.ts
  in /Users/twruottu/src/maas-schemas/schemas/maas-backend/customers/payment-sources/setup-intent/response.json
WARNING maxLength FIELD NOT supported outside DIRECT exports by convert.ts
  in /Users/twruottu/src/maas-schemas/schemas/maas-backend/customers/payment-sources/setup-intent/response.json
DONE
WARNING minLength FIELD NOT supported outside DIRECT exports by convert.ts
  in /Users/twruottu/src/maas-schemas/schemas/core/components/customerSelection.json
WARNING maxLength FIELD NOT supported outside DIRECT exports by convert.ts
  in /Users/twruottu/src/maas-schemas/schemas/core/components/customerSelection.json
DONE
WARNING minItems FIELD NOT supported outside DIRECT exports by convert.ts
  in /Users/twruottu/src/maas-schemas/schemas/maas-backend/subscriptions/subscriptionOption.json
DONE
DONE
DONE
DONE
WARNING minLength FIELD NOT supported outside DIRECT exports by convert.ts
  in /Users/twruottu/src/maas-schemas/schemas/core/components/units-geo.json
WARNING maxLength FIELD NOT supported outside DIRECT exports by convert.ts
  in /Users/twruottu/src/maas-schemas/schemas/core/components/units-geo.json
WARNING minLength FIELD NOT supported outside DIRECT exports by convert.ts
  in /Users/twruottu/src/maas-schemas/schemas/core/components/units-geo.json
WARNING maxLength FIELD NOT supported outside DIRECT exports by convert.ts
  in /Users/twruottu/src/maas-schemas/schemas/core/components/units-geo.json
WARNING minLength FIELD NOT supported outside DIRECT exports by convert.ts
  in /Users/twruottu/src/maas-schemas/schemas/core/components/units-geo.json
WARNING maxLength FIELD NOT supported outside DIRECT exports by convert.ts
  in /Users/twruottu/src/maas-schemas/schemas/core/components/units-geo.json
WARNING minLength FIELD NOT supported outside DIRECT exports by convert.ts
  in /Users/twruottu/src/maas-schemas/schemas/core/components/units-geo.json
WARNING maxLength FIELD NOT supported outside DIRECT exports by convert.ts
  in /Users/twruottu/src/maas-schemas/schemas/core/components/units-geo.json
DONE
WARNING minLength FIELD NOT supported outside DIRECT exports by convert.ts
  in /Users/twruottu/src/maas-schemas/schemas/maas-backend/webhooks/webhooks-bookings-update/request.json
WARNING maxLength FIELD NOT supported outside DIRECT exports by convert.ts
  in /Users/twruottu/src/maas-schemas/schemas/maas-backend/webhooks/webhooks-bookings-update/request.json
DONE
DONE
WARNING pattern FIELD NOT supported outside DIRECT exports by convert.ts
  in /Users/twruottu/src/maas-schemas/schemas/maas-backend/profile/profile-devices-put/response.json
DONE
DONE
DONE
WARNING minLength FIELD NOT supported outside DIRECT exports by convert.ts
  in /Users/twruottu/src/maas-schemas/schemas/maas-backend/webhooks/webhooks-payments/gateway/stripe.json
WARNING maxLength FIELD NOT supported outside DIRECT exports by convert.ts
  in /Users/twruottu/src/maas-schemas/schemas/maas-backend/webhooks/webhooks-payments/gateway/stripe.json
WARNING minLength FIELD NOT supported outside DIRECT exports by convert.ts
  in /Users/twruottu/src/maas-schemas/schemas/maas-backend/webhooks/webhooks-payments/gateway/stripe.json
WARNING maxLength FIELD NOT supported outside DIRECT exports by convert.ts
  in /Users/twruottu/src/maas-schemas/schemas/maas-backend/webhooks/webhooks-payments/gateway/stripe.json
WARNING minLength FIELD NOT supported outside DIRECT exports by convert.ts
  in /Users/twruottu/src/maas-schemas/schemas/maas-backend/webhooks/webhooks-payments/gateway/stripe.json
WARNING maxLength FIELD NOT supported outside DIRECT exports by convert.ts
  in /Users/twruottu/src/maas-schemas/schemas/maas-backend/webhooks/webhooks-payments/gateway/stripe.json
WARNING minimum FIELD NOT supported outside DIRECT exports by convert.ts
  in /Users/twruottu/src/maas-schemas/schemas/maas-backend/webhooks/webhooks-payments/gateway/stripe.json
WARNING minimum FIELD NOT supported outside DIRECT exports by convert.ts
  in /Users/twruottu/src/maas-schemas/schemas/maas-backend/webhooks/webhooks-payments/gateway/stripe.json
WARNING minimum FIELD NOT supported outside DIRECT exports by convert.ts
  in /Users/twruottu/src/maas-schemas/schemas/maas-backend/webhooks/webhooks-payments/gateway/stripe.json
WARNING minLength FIELD NOT supported outside DIRECT exports by convert.ts
  in /Users/twruottu/src/maas-schemas/schemas/maas-backend/webhooks/webhooks-payments/gateway/stripe.json
WARNING maxLength FIELD NOT supported outside DIRECT exports by convert.ts
  in /Users/twruottu/src/maas-schemas/schemas/maas-backend/webhooks/webhooks-payments/gateway/stripe.json
WARNING minLength FIELD NOT supported outside DIRECT exports by convert.ts
  in /Users/twruottu/src/maas-schemas/schemas/maas-backend/webhooks/webhooks-payments/gateway/stripe.json
WARNING maxLength FIELD NOT supported outside DIRECT exports by convert.ts
  in /Users/twruottu/src/maas-schemas/schemas/maas-backend/webhooks/webhooks-payments/gateway/stripe.json
WARNING minimum FIELD NOT supported outside DIRECT exports by convert.ts
  in /Users/twruottu/src/maas-schemas/schemas/maas-backend/webhooks/webhooks-payments/gateway/stripe.json
WARNING minimum FIELD NOT supported outside DIRECT exports by convert.ts
  in /Users/twruottu/src/maas-schemas/schemas/maas-backend/webhooks/webhooks-payments/gateway/stripe.json
DONE
DONE
DONE
DONE
DONE
WARNING minLength FIELD NOT supported outside DIRECT exports by convert.ts
  in /Users/twruottu/src/maas-schemas/schemas/core/card.json
WARNING maxLength FIELD NOT supported outside DIRECT exports by convert.ts
  in /Users/twruottu/src/maas-schemas/schemas/core/card.json
WARNING minimum FIELD NOT supported outside DIRECT exports by convert.ts
  in /Users/twruottu/src/maas-schemas/schemas/core/card.json
WARNING maximum FIELD NOT supported outside DIRECT exports by convert.ts
  in /Users/twruottu/src/maas-schemas/schemas/core/card.json
WARNING minimum FIELD NOT supported outside DIRECT exports by convert.ts
  in /Users/twruottu/src/maas-schemas/schemas/core/card.json
WARNING minLength FIELD NOT supported outside DIRECT exports by convert.ts
  in /Users/twruottu/src/maas-schemas/schemas/core/card.json
WARNING maxLength FIELD NOT supported outside DIRECT exports by convert.ts
  in /Users/twruottu/src/maas-schemas/schemas/core/card.json
DONE
WARNING maxLength FIELD NOT supported outside DIRECT exports by convert.ts
  in /Users/twruottu/src/maas-schemas/schemas/tsp/booking-options-list/request.json
WARNING maxLength FIELD NOT supported outside DIRECT exports by convert.ts
  in /Users/twruottu/src/maas-schemas/schemas/tsp/booking-options-list/request.json
WARNING maxLength FIELD NOT supported outside DIRECT exports by convert.ts
  in /Users/twruottu/src/maas-schemas/schemas/tsp/booking-options-list/request.json
WARNING maxLength FIELD NOT supported outside DIRECT exports by convert.ts
  in /Users/twruottu/src/maas-schemas/schemas/tsp/booking-options-list/request.json
WARNING maxLength FIELD NOT supported outside DIRECT exports by convert.ts
  in /Users/twruottu/src/maas-schemas/schemas/tsp/booking-options-list/request.json
WARNING minLength FIELD NOT supported outside DIRECT exports by convert.ts
  in /Users/twruottu/src/maas-schemas/schemas/tsp/booking-options-list/request.json
WARNING minLength FIELD NOT supported outside DIRECT exports by convert.ts
  in /Users/twruottu/src/maas-schemas/schemas/tsp/booking-options-list/request.json
WARNING patternProperty KEY validation NOT implemented
DONE
DONE
DONE
DONE
DONE
WARNING minLength FIELD NOT supported outside DIRECT exports by convert.ts
  in /Users/twruottu/src/maas-schemas/schemas/maas-backend/webhooks/webhooks-payments/response.json
WARNING maxLength FIELD NOT supported outside DIRECT exports by convert.ts
  in /Users/twruottu/src/maas-schemas/schemas/maas-backend/webhooks/webhooks-payments/response.json
WARNING minLength FIELD NOT supported outside DIRECT exports by convert.ts
  in /Users/twruottu/src/maas-schemas/schemas/maas-backend/webhooks/webhooks-payments/response.json
WARNING maxLength FIELD NOT supported outside DIRECT exports by convert.ts
  in /Users/twruottu/src/maas-schemas/schemas/maas-backend/webhooks/webhooks-payments/response.json
DONE
WARNING minLength FIELD NOT supported outside DIRECT exports by convert.ts
  in /Users/twruottu/src/maas-schemas/schemas/core/error.json
WARNING maxLength FIELD NOT supported outside DIRECT exports by convert.ts
  in /Users/twruottu/src/maas-schemas/schemas/core/error.json
WARNING minLength FIELD NOT supported outside DIRECT exports by convert.ts
  in /Users/twruottu/src/maas-schemas/schemas/core/error.json
WARNING maxLength FIELD NOT supported outside DIRECT exports by convert.ts
  in /Users/twruottu/src/maas-schemas/schemas/core/error.json
DONE
DONE
WARNING minLength FIELD NOT supported outside DIRECT exports by convert.ts
  in /Users/twruottu/src/maas-schemas/schemas/core/components/personalDataAllowItem.json
DONE
WARNING minLength FIELD NOT supported outside DIRECT exports by convert.ts
  in /Users/twruottu/src/maas-schemas/schemas/core/components/geolocation.json
WARNING maxLength FIELD NOT supported outside DIRECT exports by convert.ts
  in /Users/twruottu/src/maas-schemas/schemas/core/components/geolocation.json
WARNING minLength FIELD NOT supported outside DIRECT exports by convert.ts
  in /Users/twruottu/src/maas-schemas/schemas/core/components/geolocation.json
WARNING maxLength FIELD NOT supported outside DIRECT exports by convert.ts
  in /Users/twruottu/src/maas-schemas/schemas/core/components/geolocation.json
WARNING minLength FIELD NOT supported outside DIRECT exports by convert.ts
  in /Users/twruottu/src/maas-schemas/schemas/core/components/geolocation.json
WARNING maxLength FIELD NOT supported outside DIRECT exports by convert.ts
  in /Users/twruottu/src/maas-schemas/schemas/core/components/geolocation.json
WARNING minLength FIELD NOT supported outside DIRECT exports by convert.ts
  in /Users/twruottu/src/maas-schemas/schemas/core/components/geolocation.json
WARNING maxLength FIELD NOT supported outside DIRECT exports by convert.ts
  in /Users/twruottu/src/maas-schemas/schemas/core/components/geolocation.json
WARNING minLength FIELD NOT supported outside DIRECT exports by convert.ts
  in /Users/twruottu/src/maas-schemas/schemas/core/components/geolocation.json
WARNING maxLength FIELD NOT supported outside DIRECT exports by convert.ts
  in /Users/twruottu/src/maas-schemas/schemas/core/components/geolocation.json
WARNING minLength FIELD NOT supported outside DIRECT exports by convert.ts
  in /Users/twruottu/src/maas-schemas/schemas/core/components/geolocation.json
WARNING maxLength FIELD NOT supported outside DIRECT exports by convert.ts
  in /Users/twruottu/src/maas-schemas/schemas/core/components/geolocation.json
WARNING minLength FIELD NOT supported outside DIRECT exports by convert.ts
  in /Users/twruottu/src/maas-schemas/schemas/core/components/geolocation.json
WARNING maxLength FIELD NOT supported outside DIRECT exports by convert.ts
  in /Users/twruottu/src/maas-schemas/schemas/core/components/geolocation.json
DONE
DONE
DONE
DONE
DONE
WARNING patternProperty KEY validation NOT implemented
DONE
DONE
DONE
DONE
DONE
WARNING minimum FIELD NOT supported outside DIRECT exports by convert.ts
  in /Users/twruottu/src/maas-schemas/schemas/maas-backend/customers/stats/response.json
WARNING minimum FIELD NOT supported outside DIRECT exports by convert.ts
  in /Users/twruottu/src/maas-schemas/schemas/maas-backend/customers/stats/response.json
DONE
DONE
DONE
WARNING minLength FIELD NOT supported outside DIRECT exports by convert.ts
  in /Users/twruottu/src/maas-schemas/schemas/core/modes/MODE_TAXI.json
WARNING maxLength FIELD NOT supported outside DIRECT exports by convert.ts
  in /Users/twruottu/src/maas-schemas/schemas/core/modes/MODE_TAXI.json
WARNING minLength FIELD NOT supported outside DIRECT exports by convert.ts
  in /Users/twruottu/src/maas-schemas/schemas/core/modes/MODE_TAXI.json
WARNING maxLength FIELD NOT supported outside DIRECT exports by convert.ts
  in /Users/twruottu/src/maas-schemas/schemas/core/modes/MODE_TAXI.json
WARNING minLength FIELD NOT supported outside DIRECT exports by convert.ts
  in /Users/twruottu/src/maas-schemas/schemas/core/modes/MODE_TAXI.json
WARNING maxLength FIELD NOT supported outside DIRECT exports by convert.ts
  in /Users/twruottu/src/maas-schemas/schemas/core/modes/MODE_TAXI.json
WARNING minLength FIELD NOT supported outside DIRECT exports by convert.ts
  in /Users/twruottu/src/maas-schemas/schemas/core/modes/MODE_TAXI.json
WARNING maxLength FIELD NOT supported outside DIRECT exports by convert.ts
  in /Users/twruottu/src/maas-schemas/schemas/core/modes/MODE_TAXI.json
WARNING minLength FIELD NOT supported outside DIRECT exports by convert.ts
  in /Users/twruottu/src/maas-schemas/schemas/core/modes/MODE_TAXI.json
WARNING maxLength FIELD NOT supported outside DIRECT exports by convert.ts
  in /Users/twruottu/src/maas-schemas/schemas/core/modes/MODE_TAXI.json
WARNING minLength FIELD NOT supported outside DIRECT exports by convert.ts
  in /Users/twruottu/src/maas-schemas/schemas/core/modes/MODE_TAXI.json
WARNING maxLength FIELD NOT supported outside DIRECT exports by convert.ts
  in /Users/twruottu/src/maas-schemas/schemas/core/modes/MODE_TAXI.json
DONE
DONE
DONE
DONE
DONE
DONE
WARNING minLength FIELD NOT supported outside DIRECT exports by convert.ts
  in /Users/twruottu/src/maas-schemas/schemas/core/components/configurator.json
WARNING maxLength FIELD NOT supported outside DIRECT exports by convert.ts
  in /Users/twruottu/src/maas-schemas/schemas/core/components/configurator.json
WARNING uniqueItems FIELD NOT supported outside DIRECT exports by convert.ts
  in /Users/twruottu/src/maas-schemas/schemas/core/components/configurator.json
WARNING contains FIELD NOT supported
WARNING minLength FIELD NOT supported outside DIRECT exports by convert.ts
  in /Users/twruottu/src/maas-schemas/schemas/core/components/configurator.json
WARNING minLength FIELD NOT supported outside DIRECT exports by convert.ts
  in /Users/twruottu/src/maas-schemas/schemas/core/components/configurator.json
WARNING maxLength FIELD NOT supported outside DIRECT exports by convert.ts
  in /Users/twruottu/src/maas-schemas/schemas/core/components/configurator.json
WARNING minLength FIELD NOT supported outside DIRECT exports by convert.ts
  in /Users/twruottu/src/maas-schemas/schemas/core/components/configurator.json
WARNING maxLength FIELD NOT supported outside DIRECT exports by convert.ts
  in /Users/twruottu/src/maas-schemas/schemas/core/components/configurator.json
WARNING minLength FIELD NOT supported outside DIRECT exports by convert.ts
  in /Users/twruottu/src/maas-schemas/schemas/core/components/configurator.json
WARNING maxLength FIELD NOT supported outside DIRECT exports by convert.ts
  in /Users/twruottu/src/maas-schemas/schemas/core/components/configurator.json
DONE
WARNING pattern FIELD NOT supported outside DIRECT exports by convert.ts
  in /Users/twruottu/src/maas-schemas/schemas/maas-backend/bookings/bookings-list/request.json
WARNING pattern FIELD NOT supported outside DIRECT exports by convert.ts
  in /Users/twruottu/src/maas-schemas/schemas/maas-backend/bookings/bookings-list/request.json
DONE
WARNING minLength FIELD NOT supported outside DIRECT exports by convert.ts
  in /Users/twruottu/src/maas-schemas/schemas/core/booking-option.json
WARNING maxLength FIELD NOT supported outside DIRECT exports by convert.ts
  in /Users/twruottu/src/maas-schemas/schemas/core/booking-option.json
DONE
WARNING pattern FIELD NOT supported outside DIRECT exports by convert.ts
  in /Users/twruottu/src/maas-schemas/schemas/tsp/booking-ticket/request.json
WARNING pattern FIELD NOT supported outside DIRECT exports by convert.ts
  in /Users/twruottu/src/maas-schemas/schemas/tsp/booking-ticket/request.json
WARNING minimum FIELD NOT supported outside DIRECT exports by convert.ts
  in /Users/twruottu/src/maas-schemas/schemas/tsp/booking-ticket/request.json
DONE
DONE
DONE
DONE
WARNING minLength FIELD NOT supported outside DIRECT exports by convert.ts
  in /Users/twruottu/src/maas-schemas/schemas/maas-backend/booking-option-create/response.json
WARNING maxLength FIELD NOT supported outside DIRECT exports by convert.ts
  in /Users/twruottu/src/maas-schemas/schemas/maas-backend/booking-option-create/response.json
DONE
DONE
DONE
DONE
DONE
DONE
DONE
DONE
DONE
DONE
WARNING minimum FIELD NOT supported outside DIRECT exports by convert.ts
  in /Users/twruottu/src/maas-schemas/schemas/maas-backend/geocoding/geocoding-reverse/request.json
WARNING maximum FIELD NOT supported outside DIRECT exports by convert.ts
  in /Users/twruottu/src/maas-schemas/schemas/maas-backend/geocoding/geocoding-reverse/request.json
DONE
WARNING minLength FIELD NOT supported outside DIRECT exports by convert.ts
  in /Users/twruottu/src/maas-schemas/schemas/core/components/payment-parameters.json
WARNING maxLength FIELD NOT supported outside DIRECT exports by convert.ts
  in /Users/twruottu/src/maas-schemas/schemas/core/components/payment-parameters.json
DONE
DONE
WARNING minLength FIELD NOT supported outside DIRECT exports by convert.ts
  in /Users/twruottu/src/maas-schemas/schemas/core/region.json
WARNING maxLength FIELD NOT supported outside DIRECT exports by convert.ts
  in /Users/twruottu/src/maas-schemas/schemas/core/region.json
WARNING minLength FIELD NOT supported outside DIRECT exports by convert.ts
  in /Users/twruottu/src/maas-schemas/schemas/core/region.json
WARNING maxLength FIELD NOT supported outside DIRECT exports by convert.ts
  in /Users/twruottu/src/maas-schemas/schemas/core/region.json
DONE
DONE
DONE
DONE
DONE
DONE
WARNING minimum FIELD NOT supported outside DIRECT exports by convert.ts
  in /Users/twruottu/src/maas-schemas/schemas/core/components/cost.json
WARNING multipleOf FIELD NOT supported outside DIRECT exports by convert.ts
  in /Users/twruottu/src/maas-schemas/schemas/core/components/cost.json
WARNING minimum FIELD NOT supported outside DIRECT exports by convert.ts
  in /Users/twruottu/src/maas-schemas/schemas/core/components/cost.json
WARNING multipleOf FIELD NOT supported outside DIRECT exports by convert.ts
  in /Users/twruottu/src/maas-schemas/schemas/core/components/cost.json
WARNING minimum FIELD NOT supported outside DIRECT exports by convert.ts
  in /Users/twruottu/src/maas-schemas/schemas/core/components/cost.json
WARNING multipleOf FIELD NOT supported outside DIRECT exports by convert.ts
  in /Users/twruottu/src/maas-schemas/schemas/core/components/cost.json
WARNING minimum FIELD NOT supported outside DIRECT exports by convert.ts
  in /Users/twruottu/src/maas-schemas/schemas/core/components/cost.json
WARNING multipleOf FIELD NOT supported outside DIRECT exports by convert.ts
  in /Users/twruottu/src/maas-schemas/schemas/core/components/cost.json
DONE
DONE
DONE
WARNING minItems FIELD NOT supported outside DIRECT exports by convert.ts
  in /Users/twruottu/src/maas-schemas/schemas/maas-backend/itineraries/itinerary-list/response.json
DONE
DONE
DONE
DONE
WARNING pattern FIELD NOT supported outside DIRECT exports by convert.ts
  in /Users/twruottu/src/maas-schemas/schemas/maas-backend/profile/profile-devices-put/request.json
DONE
DONE
DONE
DONE
DONE
DONE
DONE
WARNING minimum FIELD NOT supported outside DIRECT exports by convert.ts
  in /Users/twruottu/src/maas-schemas/schemas/core/components/fare.json
WARNING minimum FIELD NOT supported outside DIRECT exports by convert.ts
  in /Users/twruottu/src/maas-schemas/schemas/core/components/fare.json
WARNING minimum FIELD NOT supported outside DIRECT exports by convert.ts
  in /Users/twruottu/src/maas-schemas/schemas/core/components/fare.json
DONE
DONE
WARNING minLength FIELD NOT supported outside DIRECT exports by convert.ts
  in /Users/twruottu/src/maas-schemas/schemas/maas-backend/push-notification/request.json
WARNING maxLength FIELD NOT supported outside DIRECT exports by convert.ts
  in /Users/twruottu/src/maas-schemas/schemas/maas-backend/push-notification/request.json
WARNING minLength FIELD NOT supported outside DIRECT exports by convert.ts
  in /Users/twruottu/src/maas-schemas/schemas/maas-backend/push-notification/request.json
WARNING maxLength FIELD NOT supported outside DIRECT exports by convert.ts
  in /Users/twruottu/src/maas-schemas/schemas/maas-backend/push-notification/request.json
WARNING minimum FIELD NOT supported outside DIRECT exports by convert.ts
  in /Users/twruottu/src/maas-schemas/schemas/maas-backend/push-notification/request.json
WARNING maximum FIELD NOT supported outside DIRECT exports by convert.ts
  in /Users/twruottu/src/maas-schemas/schemas/maas-backend/push-notification/request.json
WARNING minLength FIELD NOT supported outside DIRECT exports by convert.ts
  in /Users/twruottu/src/maas-schemas/schemas/maas-backend/push-notification/request.json
WARNING maxLength FIELD NOT supported outside DIRECT exports by convert.ts
  in /Users/twruottu/src/maas-schemas/schemas/maas-backend/push-notification/request.json
WARNING minItems FIELD NOT supported outside DIRECT exports by convert.ts
  in /Users/twruottu/src/maas-schemas/schemas/maas-backend/push-notification/request.json
WARNING maxItems FIELD NOT supported outside DIRECT exports by convert.ts
  in /Users/twruottu/src/maas-schemas/schemas/maas-backend/push-notification/request.json
WARNING minItems FIELD NOT supported outside DIRECT exports by convert.ts
  in /Users/twruottu/src/maas-schemas/schemas/maas-backend/push-notification/request.json
WARNING maxItems FIELD NOT supported outside DIRECT exports by convert.ts
  in /Users/twruottu/src/maas-schemas/schemas/maas-backend/push-notification/request.json
DONE
WARNING minLength FIELD NOT supported outside DIRECT exports by convert.ts
  in /Users/twruottu/src/maas-schemas/schemas/maas-backend/invoices/invoice.json
DONE
WARNING minLength FIELD NOT supported outside DIRECT exports by convert.ts
  in /Users/twruottu/src/maas-schemas/schemas/core/product.json
WARNING maxLength FIELD NOT supported outside DIRECT exports by convert.ts
  in /Users/twruottu/src/maas-schemas/schemas/core/product.json
WARNING minLength FIELD NOT supported outside DIRECT exports by convert.ts
  in /Users/twruottu/src/maas-schemas/schemas/core/product.json
WARNING maxLength FIELD NOT supported outside DIRECT exports by convert.ts
  in /Users/twruottu/src/maas-schemas/schemas/core/product.json
WARNING minLength FIELD NOT supported outside DIRECT exports by convert.ts
  in /Users/twruottu/src/maas-schemas/schemas/core/product.json
WARNING maxLength FIELD NOT supported outside DIRECT exports by convert.ts
  in /Users/twruottu/src/maas-schemas/schemas/core/product.json
WARNING minimum FIELD NOT supported outside DIRECT exports by convert.ts
  in /Users/twruottu/src/maas-schemas/schemas/core/product.json
WARNING minLength FIELD NOT supported outside DIRECT exports by convert.ts
  in /Users/twruottu/src/maas-schemas/schemas/core/product.json
WARNING maxLength FIELD NOT supported outside DIRECT exports by convert.ts
  in /Users/twruottu/src/maas-schemas/schemas/core/product.json
DONE
WARNING minLength FIELD NOT supported outside DIRECT exports by convert.ts
  in /Users/twruottu/src/maas-schemas/schemas/maas-backend/bookings/bookings-agency-products/response.json
WARNING maxLength FIELD NOT supported outside DIRECT exports by convert.ts
  in /Users/twruottu/src/maas-schemas/schemas/maas-backend/bookings/bookings-agency-products/response.json
WARNING minLength FIELD NOT supported outside DIRECT exports by convert.ts
  in /Users/twruottu/src/maas-schemas/schemas/maas-backend/bookings/bookings-agency-products/response.json
WARNING maxLength FIELD NOT supported outside DIRECT exports by convert.ts
  in /Users/twruottu/src/maas-schemas/schemas/maas-backend/bookings/bookings-agency-products/response.json
WARNING minLength FIELD NOT supported outside DIRECT exports by convert.ts
  in /Users/twruottu/src/maas-schemas/schemas/maas-backend/bookings/bookings-agency-products/response.json
WARNING maxLength FIELD NOT supported outside DIRECT exports by convert.ts
  in /Users/twruottu/src/maas-schemas/schemas/maas-backend/bookings/bookings-agency-products/response.json
WARNING minLength FIELD NOT supported outside DIRECT exports by convert.ts
  in /Users/twruottu/src/maas-schemas/schemas/maas-backend/bookings/bookings-agency-products/response.json
WARNING maxLength FIELD NOT supported outside DIRECT exports by convert.ts
  in /Users/twruottu/src/maas-schemas/schemas/maas-backend/bookings/bookings-agency-products/response.json
WARNING minLength FIELD NOT supported outside DIRECT exports by convert.ts
  in /Users/twruottu/src/maas-schemas/schemas/maas-backend/bookings/bookings-agency-products/response.json
WARNING maxLength FIELD NOT supported outside DIRECT exports by convert.ts
  in /Users/twruottu/src/maas-schemas/schemas/maas-backend/bookings/bookings-agency-products/response.json
DONE
WARNING minLength FIELD NOT supported outside DIRECT exports by convert.ts
  in /Users/twruottu/src/maas-schemas/schemas/maas-backend/subscriptions/pricing.json
WARNING minLength FIELD NOT supported outside DIRECT exports by convert.ts
  in /Users/twruottu/src/maas-schemas/schemas/maas-backend/subscriptions/pricing.json
WARNING minimum FIELD NOT supported outside DIRECT exports by convert.ts
  in /Users/twruottu/src/maas-schemas/schemas/maas-backend/subscriptions/pricing.json
WARNING maximum FIELD NOT supported outside DIRECT exports by convert.ts
  in /Users/twruottu/src/maas-schemas/schemas/maas-backend/subscriptions/pricing.json
WARNING minLength FIELD NOT supported outside DIRECT exports by convert.ts
  in /Users/twruottu/src/maas-schemas/schemas/maas-backend/subscriptions/pricing.json
DONE
DONE
DONE
DONE
DONE
DONE
WARNING minLength FIELD NOT supported outside DIRECT exports by convert.ts
  in /Users/twruottu/src/maas-schemas/schemas/maas-backend/subscriptions/subscriptions-options/request.json
WARNING maxLength FIELD NOT supported outside DIRECT exports by convert.ts
  in /Users/twruottu/src/maas-schemas/schemas/maas-backend/subscriptions/subscriptions-options/request.json
DONE
DONE
DONE
WARNING minLength FIELD NOT supported outside DIRECT exports by convert.ts
  in /Users/twruottu/src/maas-schemas/schemas/maas-backend/customers/update/request.json
WARNING maxLength FIELD NOT supported outside DIRECT exports by convert.ts
  in /Users/twruottu/src/maas-schemas/schemas/maas-backend/customers/update/request.json
DONE
DONE
WARNING patternProperty KEY validation NOT implemented
DONE
WARNING minItems FIELD NOT supported outside DIRECT exports by convert.ts
  in /Users/twruottu/src/maas-schemas/schemas/core/components/geometry.json
WARNING minItems FIELD NOT supported outside DIRECT exports by convert.ts
  in /Users/twruottu/src/maas-schemas/schemas/core/components/geometry.json
DONE
DONE
WARNING minLength FIELD NOT supported outside DIRECT exports by convert.ts
  in /Users/twruottu/src/maas-schemas/schemas/tsp/stations-list/request.json
WARNING minimum FIELD NOT supported outside DIRECT exports by convert.ts
  in /Users/twruottu/src/maas-schemas/schemas/tsp/stations-list/request.json
DONE
DONE
DONE
WARNING minimum FIELD NOT supported outside DIRECT exports by convert.ts
  in /Users/twruottu/src/maas-schemas/schemas/maas-backend/customers/payment-sources/paymentSource.json
WARNING multipleOf FIELD NOT supported outside DIRECT exports by convert.ts
  in /Users/twruottu/src/maas-schemas/schemas/maas-backend/customers/payment-sources/paymentSource.json
WARNING minimum FIELD NOT supported outside DIRECT exports by convert.ts
  in /Users/twruottu/src/maas-schemas/schemas/maas-backend/customers/payment-sources/paymentSource.json
WARNING maximum FIELD NOT supported outside DIRECT exports by convert.ts
  in /Users/twruottu/src/maas-schemas/schemas/maas-backend/customers/payment-sources/paymentSource.json
WARNING multipleOf FIELD NOT supported outside DIRECT exports by convert.ts
  in /Users/twruottu/src/maas-schemas/schemas/maas-backend/customers/payment-sources/paymentSource.json
WARNING minLength FIELD NOT supported outside DIRECT exports by convert.ts
  in /Users/twruottu/src/maas-schemas/schemas/maas-backend/customers/payment-sources/paymentSource.json
WARNING minLength FIELD NOT supported outside DIRECT exports by convert.ts
  in /Users/twruottu/src/maas-schemas/schemas/maas-backend/customers/payment-sources/paymentSource.json
DONE
DONE
DONE
DONE
DONE
WARNING minimum FIELD NOT supported outside DIRECT exports by convert.ts
  in /Users/twruottu/src/maas-schemas/schemas/core/customer.json
WARNING patternProperty KEY validation NOT implemented
WARNING minimum FIELD NOT supported outside DIRECT exports by convert.ts
  in /Users/twruottu/src/maas-schemas/schemas/core/customer.json
DONE
WARNING patternProperty KEY validation NOT implemented
DONE
DONE
WARNING minimum FIELD NOT supported outside DIRECT exports by convert.ts
  in /Users/twruottu/src/maas-schemas/schemas/maas-backend/autocomplete/autocomplete-query/request.json
WARNING maximum FIELD NOT supported outside DIRECT exports by convert.ts
  in /Users/twruottu/src/maas-schemas/schemas/maas-backend/autocomplete/autocomplete-query/request.json
DONE
DONE
DONE
WARNING minLength FIELD NOT supported outside DIRECT exports by convert.ts
  in /Users/twruottu/src/maas-schemas/schemas/maas-backend/subscriptions/subscription.json
WARNING minimum FIELD NOT supported outside DIRECT exports by convert.ts
  in /Users/twruottu/src/maas-schemas/schemas/maas-backend/subscriptions/subscription.json
WARNING minimum FIELD NOT supported outside DIRECT exports by convert.ts
  in /Users/twruottu/src/maas-schemas/schemas/maas-backend/subscriptions/subscription.json
WARNING minLength FIELD NOT supported outside DIRECT exports by convert.ts
  in /Users/twruottu/src/maas-schemas/schemas/maas-backend/subscriptions/subscription.json
WARNING minLength FIELD NOT supported outside DIRECT exports by convert.ts
  in /Users/twruottu/src/maas-schemas/schemas/maas-backend/subscriptions/subscription.json
WARNING minLength FIELD NOT supported outside DIRECT exports by convert.ts
  in /Users/twruottu/src/maas-schemas/schemas/maas-backend/subscriptions/subscription.json
WARNING minimum FIELD NOT supported outside DIRECT exports by convert.ts
  in /Users/twruottu/src/maas-schemas/schemas/maas-backend/subscriptions/subscription.json
WARNING maximum FIELD NOT supported outside DIRECT exports by convert.ts
  in /Users/twruottu/src/maas-schemas/schemas/maas-backend/subscriptions/subscription.json
WARNING minLength FIELD NOT supported outside DIRECT exports by convert.ts
  in /Users/twruottu/src/maas-schemas/schemas/maas-backend/subscriptions/subscription.json
DONE
DONE
WARNING minLength FIELD NOT supported outside DIRECT exports by convert.ts
  in /Users/twruottu/src/maas-schemas/schemas/maas-backend/profile/profile-favoriteLocations-delete/request.json
WARNING maxLength FIELD NOT supported outside DIRECT exports by convert.ts
  in /Users/twruottu/src/maas-schemas/schemas/maas-backend/profile/profile-favoriteLocations-delete/request.json
DONE
DONE
DONE
DONE
DONE
DONE
DONE
DONE
DONE
DONE
DONE
DONE
DONE
DONE
DONE
DONE
WARNING minimum FIELD NOT supported outside DIRECT exports by convert.ts
  in /Users/twruottu/src/maas-schemas/schemas/core/profile.json
WARNING minLength FIELD NOT supported outside DIRECT exports by convert.ts
  in /Users/twruottu/src/maas-schemas/schemas/core/profile.json
WARNING maxLength FIELD NOT supported outside DIRECT exports by convert.ts
  in /Users/twruottu/src/maas-schemas/schemas/core/profile.json
WARNING minLength FIELD NOT supported outside DIRECT exports by convert.ts
  in /Users/twruottu/src/maas-schemas/schemas/core/profile.json
WARNING maxLength FIELD NOT supported outside DIRECT exports by convert.ts
  in /Users/twruottu/src/maas-schemas/schemas/core/profile.json
WARNING minLength FIELD NOT supported outside DIRECT exports by convert.ts
  in /Users/twruottu/src/maas-schemas/schemas/core/profile.json
WARNING maxLength FIELD NOT supported outside DIRECT exports by convert.ts
  in /Users/twruottu/src/maas-schemas/schemas/core/profile.json
WARNING minLength FIELD NOT supported outside DIRECT exports by convert.ts
  in /Users/twruottu/src/maas-schemas/schemas/core/profile.json
WARNING maxLength FIELD NOT supported outside DIRECT exports by convert.ts
  in /Users/twruottu/src/maas-schemas/schemas/core/profile.json
WARNING minimum FIELD NOT supported outside DIRECT exports by convert.ts
  in /Users/twruottu/src/maas-schemas/schemas/core/profile.json
WARNING minimum FIELD NOT supported outside DIRECT exports by convert.ts
  in /Users/twruottu/src/maas-schemas/schemas/core/profile.json
WARNING minimum FIELD NOT supported outside DIRECT exports by convert.ts
  in /Users/twruottu/src/maas-schemas/schemas/core/profile.json
WARNING minimum FIELD NOT supported outside DIRECT exports by convert.ts
  in /Users/twruottu/src/maas-schemas/schemas/core/profile.json
WARNING minLength FIELD NOT supported outside DIRECT exports by convert.ts
  in /Users/twruottu/src/maas-schemas/schemas/core/profile.json
WARNING maxLength FIELD NOT supported outside DIRECT exports by convert.ts
  in /Users/twruottu/src/maas-schemas/schemas/core/profile.json
WARNING minLength FIELD NOT supported outside DIRECT exports by convert.ts
  in /Users/twruottu/src/maas-schemas/schemas/core/profile.json
WARNING maxLength FIELD NOT supported outside DIRECT exports by convert.ts
  in /Users/twruottu/src/maas-schemas/schemas/core/profile.json
WARNING minLength FIELD NOT supported outside DIRECT exports by convert.ts
  in /Users/twruottu/src/maas-schemas/schemas/core/profile.json
WARNING maxLength FIELD NOT supported outside DIRECT exports by convert.ts
  in /Users/twruottu/src/maas-schemas/schemas/core/profile.json
WARNING minLength FIELD NOT supported outside DIRECT exports by convert.ts
  in /Users/twruottu/src/maas-schemas/schemas/core/profile.json
WARNING maxLength FIELD NOT supported outside DIRECT exports by convert.ts
  in /Users/twruottu/src/maas-schemas/schemas/core/profile.json
WARNING minimum FIELD NOT supported outside DIRECT exports by convert.ts
  in /Users/twruottu/src/maas-schemas/schemas/core/profile.json
WARNING multipleOf FIELD NOT supported outside DIRECT exports by convert.ts
  in /Users/twruottu/src/maas-schemas/schemas/core/profile.json
DONE
DONE
WARNING pattern FIELD NOT supported outside DIRECT exports by convert.ts
  in /Users/twruottu/src/maas-schemas/schemas/maas-backend/auth/auth-sms-login/request.json
WARNING minLength FIELD NOT supported outside DIRECT exports by convert.ts
  in /Users/twruottu/src/maas-schemas/schemas/maas-backend/auth/auth-sms-login/request.json
WARNING maxLength FIELD NOT supported outside DIRECT exports by convert.ts
  in /Users/twruottu/src/maas-schemas/schemas/maas-backend/auth/auth-sms-login/request.json
DONE
WARNING minimum FIELD NOT supported outside DIRECT exports by convert.ts
  in /Users/twruottu/src/maas-schemas/schemas/core/itinerary.json
WARNING minItems FIELD NOT supported outside DIRECT exports by convert.ts
  in /Users/twruottu/src/maas-schemas/schemas/core/itinerary.json
WARNING minItems FIELD NOT supported outside DIRECT exports by convert.ts
  in /Users/twruottu/src/maas-schemas/schemas/core/itinerary.json
DONE
WARNING minLength FIELD NOT supported outside DIRECT exports by convert.ts
  in /Users/twruottu/src/maas-schemas/schemas/maas-backend/customers/customer.json
WARNING maxLength FIELD NOT supported outside DIRECT exports by convert.ts
  in /Users/twruottu/src/maas-schemas/schemas/maas-backend/customers/customer.json
DONE
WARNING minimum FIELD NOT supported outside DIRECT exports by convert.ts
  in /Users/twruottu/src/maas-schemas/schemas/core/components/bike-station.json
WARNING minimum FIELD NOT supported outside DIRECT exports by convert.ts
  in /Users/twruottu/src/maas-schemas/schemas/core/components/bike-station.json
WARNING minimum FIELD NOT supported outside DIRECT exports by convert.ts
  in /Users/twruottu/src/maas-schemas/schemas/core/components/bike-station.json
DONE
DONE
DONE
DONE
DONE
DONE
DONE
DONE
DONE
WARNING minLength FIELD NOT supported outside DIRECT exports by convert.ts
  in /Users/twruottu/src/maas-schemas/schemas/core/components/terms.json
WARNING maxLength FIELD NOT supported outside DIRECT exports by convert.ts
  in /Users/twruottu/src/maas-schemas/schemas/core/components/terms.json
WARNING minLength FIELD NOT supported outside DIRECT exports by convert.ts
  in /Users/twruottu/src/maas-schemas/schemas/core/components/terms.json
WARNING maxLength FIELD NOT supported outside DIRECT exports by convert.ts
  in /Users/twruottu/src/maas-schemas/schemas/core/components/terms.json
WARNING minimum FIELD NOT supported outside DIRECT exports by convert.ts
  in /Users/twruottu/src/maas-schemas/schemas/core/components/terms.json
WARNING multipleOf FIELD NOT supported outside DIRECT exports by convert.ts
  in /Users/twruottu/src/maas-schemas/schemas/core/components/terms.json
WARNING minimum FIELD NOT supported outside DIRECT exports by convert.ts
  in /Users/twruottu/src/maas-schemas/schemas/core/components/terms.json
WARNING multipleOf FIELD NOT supported outside DIRECT exports by convert.ts
  in /Users/twruottu/src/maas-schemas/schemas/core/components/terms.json
WARNING minimum FIELD NOT supported outside DIRECT exports by convert.ts
  in /Users/twruottu/src/maas-schemas/schemas/core/components/terms.json
WARNING multipleOf FIELD NOT supported outside DIRECT exports by convert.ts
  in /Users/twruottu/src/maas-schemas/schemas/core/components/terms.json
DONE
DONE
DONE
DONE
WARNING minLength FIELD NOT supported outside DIRECT exports by convert.ts
  in /Users/twruottu/src/maas-schemas/schemas/maas-backend/geocoding/geocoding-query/request.json
WARNING maxLength FIELD NOT supported outside DIRECT exports by convert.ts
  in /Users/twruottu/src/maas-schemas/schemas/maas-backend/geocoding/geocoding-query/request.json
WARNING minimum FIELD NOT supported outside DIRECT exports by convert.ts
  in /Users/twruottu/src/maas-schemas/schemas/maas-backend/geocoding/geocoding-query/request.json
WARNING maximum FIELD NOT supported outside DIRECT exports by convert.ts
  in /Users/twruottu/src/maas-schemas/schemas/maas-backend/geocoding/geocoding-query/request.json
DONE
WARNING pattern FIELD NOT supported outside DIRECT exports by convert.ts
  in /Users/twruottu/src/maas-schemas/schemas/maas-backend/itineraries/itinerary-list/request.json
DONE
DONE
DONE
DONE
DONE
DONE
DONE
DONE
DONE
DONE
DONE
DONE
DONE
DONE
DONE
WARNING minLength FIELD NOT supported outside DIRECT exports by convert.ts
  in /Users/twruottu/src/maas-schemas/schemas/maas-backend/customers/payment-sources/create/request.json
WARNING maxLength FIELD NOT supported outside DIRECT exports by convert.ts
  in /Users/twruottu/src/maas-schemas/schemas/maas-backend/customers/payment-sources/create/request.json
DONE
DONE
WARNING minLength FIELD NOT supported outside DIRECT exports by convert.ts
  in /Users/twruottu/src/maas-schemas/schemas/maas-backend/webhooks/webhooks-payments/gateway/avainpay.json
WARNING maxLength FIELD NOT supported outside DIRECT exports by convert.ts
  in /Users/twruottu/src/maas-schemas/schemas/maas-backend/webhooks/webhooks-payments/gateway/avainpay.json
WARNING minLength FIELD NOT supported outside DIRECT exports by convert.ts
  in /Users/twruottu/src/maas-schemas/schemas/maas-backend/webhooks/webhooks-payments/gateway/avainpay.json
WARNING maxLength FIELD NOT supported outside DIRECT exports by convert.ts
  in /Users/twruottu/src/maas-schemas/schemas/maas-backend/webhooks/webhooks-payments/gateway/avainpay.json
DONE
WARNING minLength FIELD NOT supported outside DIRECT exports by convert.ts
  in /Users/twruottu/src/maas-schemas/schemas/maas-backend/invoices/invoiceLineItem.json
WARNING minLength FIELD NOT supported outside DIRECT exports by convert.ts
  in /Users/twruottu/src/maas-schemas/schemas/maas-backend/invoices/invoiceLineItem.json
WARNING minLength FIELD NOT supported outside DIRECT exports by convert.ts
  in /Users/twruottu/src/maas-schemas/schemas/maas-backend/invoices/invoiceLineItem.json
WARNING minimum FIELD NOT supported outside DIRECT exports by convert.ts
  in /Users/twruottu/src/maas-schemas/schemas/maas-backend/invoices/invoiceLineItem.json
WARNING multipleOf FIELD NOT supported outside DIRECT exports by convert.ts
  in /Users/twruottu/src/maas-schemas/schemas/maas-backend/invoices/invoiceLineItem.json
DONE
DONE
DONE
DONE
DONE
DONE
WARNING patternProperty KEY validation NOT implemented
DONE
WARNING minLength FIELD NOT supported outside DIRECT exports by convert.ts
  in /Users/twruottu/src/maas-schemas/schemas/core/components/car-rental.json
WARNING maxLength FIELD NOT supported outside DIRECT exports by convert.ts
  in /Users/twruottu/src/maas-schemas/schemas/core/components/car-rental.json
WARNING minLength FIELD NOT supported outside DIRECT exports by convert.ts
  in /Users/twruottu/src/maas-schemas/schemas/core/components/car-rental.json
WARNING maxLength FIELD NOT supported outside DIRECT exports by convert.ts
  in /Users/twruottu/src/maas-schemas/schemas/core/components/car-rental.json
WARNING minLength FIELD NOT supported outside DIRECT exports by convert.ts
  in /Users/twruottu/src/maas-schemas/schemas/core/components/car-rental.json
WARNING maxLength FIELD NOT supported outside DIRECT exports by convert.ts
  in /Users/twruottu/src/maas-schemas/schemas/core/components/car-rental.json
WARNING minimum FIELD NOT supported outside DIRECT exports by convert.ts
  in /Users/twruottu/src/maas-schemas/schemas/core/components/car-rental.json
WARNING maximum FIELD NOT supported outside DIRECT exports by convert.ts
  in /Users/twruottu/src/maas-schemas/schemas/core/components/car-rental.json
WARNING minItems FIELD NOT supported outside DIRECT exports by convert.ts
  in /Users/twruottu/src/maas-schemas/schemas/core/components/car-rental.json
WARNING maxItems FIELD NOT supported outside DIRECT exports by convert.ts
  in /Users/twruottu/src/maas-schemas/schemas/core/components/car-rental.json
WARNING minimum FIELD NOT supported outside DIRECT exports by convert.ts
  in /Users/twruottu/src/maas-schemas/schemas/core/components/car-rental.json
WARNING maximum FIELD NOT supported outside DIRECT exports by convert.ts
  in /Users/twruottu/src/maas-schemas/schemas/core/components/car-rental.json
WARNING minItems FIELD NOT supported outside DIRECT exports by convert.ts
  in /Users/twruottu/src/maas-schemas/schemas/core/components/car-rental.json
WARNING maxItems FIELD NOT supported outside DIRECT exports by convert.ts
  in /Users/twruottu/src/maas-schemas/schemas/core/components/car-rental.json
WARNING minimum FIELD NOT supported outside DIRECT exports by convert.ts
  in /Users/twruottu/src/maas-schemas/schemas/core/components/car-rental.json
WARNING maximum FIELD NOT supported outside DIRECT exports by convert.ts
  in /Users/twruottu/src/maas-schemas/schemas/core/components/car-rental.json
WARNING pattern FIELD NOT supported outside DIRECT exports by convert.ts
  in /Users/twruottu/src/maas-schemas/schemas/core/components/car-rental.json
WARNING minLength FIELD NOT supported outside DIRECT exports by convert.ts
  in /Users/twruottu/src/maas-schemas/schemas/core/components/car-rental.json
WARNING maxLength FIELD NOT supported outside DIRECT exports by convert.ts
  in /Users/twruottu/src/maas-schemas/schemas/core/components/car-rental.json
WARNING minLength FIELD NOT supported outside DIRECT exports by convert.ts
  in /Users/twruottu/src/maas-schemas/schemas/core/components/car-rental.json
WARNING maxLength FIELD NOT supported outside DIRECT exports by convert.ts
  in /Users/twruottu/src/maas-schemas/schemas/core/components/car-rental.json
DONE
WARNING minLength FIELD NOT supported outside DIRECT exports by convert.ts
  in /Users/twruottu/src/maas-schemas/schemas/maas-backend/stations/stations-retrieve/request.json
DONE
DONE
DONE
DONE
DONE
DONE
DONE
WARNING minimum FIELD NOT supported outside DIRECT exports by convert.ts
  in /Users/twruottu/src/maas-schemas/schemas/core/product-option.json
WARNING minimum FIELD NOT supported outside DIRECT exports by convert.ts
  in /Users/twruottu/src/maas-schemas/schemas/core/product-option.json
DONE
WARNING minLength FIELD NOT supported outside DIRECT exports by convert.ts
  in /Users/twruottu/src/maas-schemas/schemas/core/paymentSource.json
WARNING maxLength FIELD NOT supported outside DIRECT exports by convert.ts
  in /Users/twruottu/src/maas-schemas/schemas/core/paymentSource.json
WARNING minLength FIELD NOT supported outside DIRECT exports by convert.ts
  in /Users/twruottu/src/maas-schemas/schemas/core/paymentSource.json
WARNING maxLength FIELD NOT supported outside DIRECT exports by convert.ts
  in /Users/twruottu/src/maas-schemas/schemas/core/paymentSource.json
WARNING minLength FIELD NOT supported outside DIRECT exports by convert.ts
  in /Users/twruottu/src/maas-schemas/schemas/core/paymentSource.json
WARNING maxLength FIELD NOT supported outside DIRECT exports by convert.ts
  in /Users/twruottu/src/maas-schemas/schemas/core/paymentSource.json
WARNING minLength FIELD NOT supported outside DIRECT exports by convert.ts
  in /Users/twruottu/src/maas-schemas/schemas/core/paymentSource.json
WARNING maxLength FIELD NOT supported outside DIRECT exports by convert.ts
  in /Users/twruottu/src/maas-schemas/schemas/core/paymentSource.json
WARNING minLength FIELD NOT supported outside DIRECT exports by convert.ts
  in /Users/twruottu/src/maas-schemas/schemas/core/paymentSource.json
WARNING maxLength FIELD NOT supported outside DIRECT exports by convert.ts
  in /Users/twruottu/src/maas-schemas/schemas/core/paymentSource.json
DONE
WARNING minItems FIELD NOT supported outside DIRECT exports by convert.ts
  in /Users/twruottu/src/maas-schemas/schemas/geojson/geometry.json
WARNING minItems FIELD NOT supported outside DIRECT exports by convert.ts
  in /Users/twruottu/src/maas-schemas/schemas/geojson/geometry.json
DONE
DONE
WARNING minLength FIELD NOT supported outside DIRECT exports by convert.ts
  in /Users/twruottu/src/maas-schemas/schemas/maas-backend/customers/personal-data-delete/request.json
DONE
DONE
DONE
DONE
DONE
DONE
DONE
DONE
DONE
DONE
DONE
DONE
WARNING minItems FIELD NOT supported outside DIRECT exports by convert.ts
  in /Users/twruottu/src/maas-schemas/schemas/maas-backend/bookings/bookings-list/response.json
DONE
DONE
DONE
$ eslint --max-warnings=0 '**/*.{ts,json}' --ignore-path .gitignore --fix
$ yarn clean && tsc
$ rm -rf lib
